System check identified some issues:

WARNINGS:
todos.Todo: (models.W042) Auto-created primary key used when not defining a primary key type, by default 'django.db.models.AutoField'.
	HINT: Configure the DEFAULT_AUTO_FIELD setting or the TodosConfig.default_auto_field attribute to point to a subclass of AutoField, e.g. 'django.db.models.BigAutoField'.
CommandError: No installed app with label '0.0.0.0:8000'.
Unknown command: 'runsever'. Did you mean runserver?
Type 'manage.py help' for usage.
Watching for file changes with StatReloader
Performing system checks...

System check identified some issues:

WARNINGS:
todos.Todo: (models.W042) Auto-created primary key used when not defining a primary key type, by default 'django.db.models.AutoField'.
	HINT: Configure the DEFAULT_AUTO_FIELD setting or the TodosConfig.default_auto_field attribute to point to a subclass of AutoField, e.g. 'django.db.models.BigAutoField'.

System check identified 1 issue (0 silenced).
December 29, 2022 - 13:08:23
Django version 4.1.4, using settings 'todoApp.settings'
Starting development server at http://0.0.0.0:8000/
Quit the server with CONTROL-C.
[29/Dec/2022 13:08:34] "GET / HTTP/1.1" 302 0
[29/Dec/2022 13:08:34] "GET /todos HTTP/1.1" 301 0
[29/Dec/2022 13:08:35] "GET /todos/ HTTP/1.1" 200 4172
[29/Dec/2022 13:08:35] "GET /static/css/style.css HTTP/1.1" 304 0
[29/Dec/2022 13:08:38] "POST /todos/22/update HTTP/1.1" 302 0
[29/Dec/2022 13:08:38] "GET /todos/ HTTP/1.1" 200 4135
[29/Dec/2022 13:08:41] "POST /todos/2/update HTTP/1.1" 302 0
[29/Dec/2022 13:08:41] "GET /todos/ HTTP/1.1" 200 4098
